<?xml version="1.0" encoding="UTF-8"?>
<testsuites name="Mocha Tests" time="3.090" tests="1" failures="0">
  <testsuite name="Root Suite" timestamp="2025-06-26T17:17:12" tests="0" file="cypress\e2e\spec.cy.js" time="0.000" failures="0">
  </testsuite>
  <testsuite name="template spec" timestamp="2025-06-26T17:17:12" tests="1" time="3.090" failures="0">
    <testcase name="template spec Logins with valid data" time="1.673" classname="Logins with valid data">
    </testcase>
  </testsuite>
</testsuites>